{
  "MiniTest": {
    "coverage": {
      "/home/amir/Desktop/central_repo/web17-04/ps3/config/environment.rb": [
        null,
        1,
        null,
        null,
        1
      ],
      "/home/amir/Desktop/central_repo/web17-04/ps3/config/environments/test.rb": [
        1,
        null,
        null,
        null,
        null,
        null,
        null,
        1,
        null,
        null,
        null,
        null,
        1,
        null,
        null,
        1,
        1,
        null,
        null,
        null,
        null,
        1,
        1,
        null,
        null,
        1,
        null,
        null,
        1,
        1,
        null,
        null,
        null,
        null,
        1,
        null,
        null,
        1,
        null,
        null,
        null,
        null
      ],
      "/home/amir/Desktop/central_repo/web17-04/ps3/config/initializers/application_controller_renderer.rb": [
        null,
        null,
        null,
        null,
        null,
        null,
        null,
        null
      ],
      "/home/amir/Desktop/central_repo/web17-04/ps3/config/initializers/assets.rb": [
        null,
        null,
        null,
        1,
        null,
        null,
        null,
        null,
        1,
        null,
        null,
        null,
        null,
        null
      ],
      "/home/amir/Desktop/central_repo/web17-04/ps3/config/initializers/backtrace_silencers.rb": [
        null,
        null,
        null,
        null,
        null,
        null,
        null
      ],
      "/home/amir/Desktop/central_repo/web17-04/ps3/config/initializers/cookies_serializer.rb": [
        null,
        null,
        null,
        null,
        1
      ],
      "/home/amir/Desktop/central_repo/web17-04/ps3/config/initializers/filter_parameter_logging.rb": [
        null,
        null,
        null,
        1
      ],
      "/home/amir/Desktop/central_repo/web17-04/ps3/config/initializers/inflections.rb": [
        null,
        null,
        null,
        null,
        null,
        null,
        null,
        null,
        null,
        null,
        null,
        null,
        null,
        null,
        null,
        null
      ],
      "/home/amir/Desktop/central_repo/web17-04/ps3/config/initializers/mime_types.rb": [
        null,
        null,
        null,
        null
      ],
      "/home/amir/Desktop/central_repo/web17-04/ps3/config/initializers/wrap_parameters.rb": [
        null,
        null,
        null,
        null,
        null,
        null,
        1,
        2,
        null,
        null,
        null,
        null,
        null,
        null
      ],
      "/home/amir/Desktop/central_repo/web17-04/ps3/config/routes.rb": [
        1,
        1,
        1,
        1,
        1,
        null,
        1,
        1,
        1,
        1,
        1,
        null,
        null,
        1,
        1,
        null,
        1,
        1,
        1,
        1,
        1,
        1,
        1,
        1,
        null,
        null,
        1,
        1,
        1,
        1,
        null,
        null
      ],
      "/home/amir/Desktop/central_repo/web17-04/ps3/test/controllers/site_controller_test.rb": [
        1,
        null,
        1,
        null,
        null,
        null,
        null
      ],
      "/home/amir/Desktop/central_repo/web17-04/ps3/test/controllers/users_controller_test.rb": [
        1,
        null,
        1,
        1,
        1,
        1,
        null,
        null,
        null
      ],
      "/home/amir/Desktop/central_repo/web17-04/ps3/test/models/quotation_test.rb": [
        1,
        null,
        1,
        null,
        null,
        null,
        null
      ],
      "/home/amir/Desktop/central_repo/web17-04/ps3/app/models/quotation.rb": [
        1,
        1,
        0,
        null,
        null
      ],
      "/home/amir/Desktop/central_repo/web17-04/ps3/app/models/application_record.rb": [
        1,
        1,
        null
      ],
      "/home/amir/Desktop/central_repo/web17-04/ps3/app/controllers/users_controller.rb": [
        1,
        1,
        null,
        null,
        null,
        1,
        null,
        null,
        null,
        1,
        null,
        null,
        null,
        null
      ],
      "/home/amir/Desktop/central_repo/web17-04/ps3/app/controllers/application_controller.rb": [
        1,
        1,
        null
      ],
      "/home/amir/Desktop/central_repo/web17-04/ps3/app/helpers/application_helper.rb": [
        1,
        null
      ],
      "/home/amir/Desktop/central_repo/web17-04/ps3/app/helpers/basics_helper.rb": [
        1,
        null
      ],
      "/home/amir/Desktop/central_repo/web17-04/ps3/app/helpers/site_helper.rb": [
        1,
        null
      ],
      "/home/amir/Desktop/central_repo/web17-04/ps3/app/helpers/users_helper.rb": [
        1,
        null
      ]
    },
    "timestamp": 1507716101
  },
  "RSpec": {
    "coverage": {
      "/home/amir/Desktop/project/config/environment.rb": [
        null,
        1,
        null,
        null,
        1
      ],
      "/home/amir/Desktop/project/config/environments/test.rb": [
        1,
        null,
        null,
        null,
        null,
        null,
        null,
        1,
        null,
        null,
        null,
        null,
        1,
        null,
        null,
        1,
        1,
        null,
        null,
        null,
        null,
        1,
        1,
        null,
        null,
        1,
        null,
        null,
        1,
        1,
        null,
        null,
        null,
        null,
        1,
        null,
        null,
        1,
        null,
        null,
        null,
        null
      ],
      "/home/amir/Desktop/project/config/initializers/application_controller_renderer.rb": [
        null,
        null,
        null,
        null,
        null,
        null,
        null,
        null
      ],
      "/home/amir/Desktop/project/config/initializers/assets.rb": [
        null,
        null,
        null,
        1,
        null,
        null,
        null,
        null,
        1,
        null,
        null,
        null,
        null,
        null
      ],
      "/home/amir/Desktop/project/config/initializers/backtrace_silencers.rb": [
        null,
        null,
        null,
        null,
        null,
        null,
        null
      ],
      "/home/amir/Desktop/project/config/initializers/cookies_serializer.rb": [
        null,
        null,
        null,
        null,
        1
      ],
      "/home/amir/Desktop/project/config/initializers/devise.rb": [
        null,
        null,
        1,
        null,
        null,
        null,
        null,
        null,
        1,
        null,
        null,
        null,
        null,
        null,
        1,
        null,
        null,
        null,
        null,
        null,
        null,
        null,
        null,
        null,
        null,
        null,
        1,
        null,
        null,
        null,
        null,
        null,
        null,
        null,
        null,
        null,
        null,
        null,
        null,
        null,
        null,
        null,
        null,
        null,
        null,
        null,
        null,
        null,
        1,
        null,
        null,
        null,
        null,
        1,
        null,
        null,
        null,
        null,
        null,
        null,
        null,
        null,
        null,
        null,
        null,
        null,
        null,
        null,
        null,
        null,
        null,
        null,
        null,
        null,
        null,
        null,
        null,
        null,
        null,
        null,
        null,
        null,
        null,
        null,
        1,
        null,
        null,
        null,
        null,
        null,
        null,
        null,
        null,
        null,
        null,
        null,
        null,
        null,
        null,
        null,
        null,
        null,
        null,
        null,
        null,
        null,
        null,
        1,
        null,
        null,
        null,
        null,
        null,
        null,
        null,
        null,
        null,
        null,
        null,
        null,
        null,
        null,
        null,
        null,
        null,
        null,
        null,
        null,
        null,
        null,
        null,
        null,
        null,
        null,
        null,
        null,
        null,
        null,
        1,
        null,
        null,
        null,
        null,
        null,
        null,
        null,
        null,
        null,
        1,
        null,
        null,
        null,
        null,
        null,
        null,
        null,
        null,
        null,
        null,
        1,
        null,
        null,
        null,
        null,
        1,
        null,
        null,
        null,
        null,
        null,
        null,
        null,
        null,
        null,
        null,
        null,
        null,
        null,
        null,
        null,
        null,
        null,
        null,
        null,
        null,
        null,
        null,
        null,
        null,
        null,
        null,
        null,
        null,
        null,
        null,
        null,
        null,
        null,
        null,
        null,
        null,
        null,
        null,
        null,
        null,
        1,
        null,
        null,
        null,
        null,
        null,
        null,
        null,
        null,
        null,
        null,
        null,
        null,
        null,
        null,
        null,
        null,
        null,
        null,
        null,
        1,
        null,
        null,
        null,
        null,
        null,
        null,
        null,
        null,
        null,
        null,
        null,
        null,
        null,
        null,
        null,
        null,
        null,
        null,
        null,
        null,
        null,
        1,
        null,
        null,
        null,
        null,
        null,
        null,
        null,
        null,
        null,
        null,
        null,
        null,
        null,
        null,
        null,
        null,
        null,
        null,
        null,
        null,
        null,
        null,
        null,
        null,
        null,
        null,
        null,
        null,
        null
      ],
      "/home/amir/Desktop/project/config/initializers/filter_parameter_logging.rb": [
        null,
        null,
        null,
        1
      ],
      "/home/amir/Desktop/project/config/initializers/inflections.rb": [
        null,
        null,
        null,
        null,
        null,
        null,
        null,
        null,
        null,
        null,
        null,
        null,
        null,
        null,
        null,
        null
      ],
      "/home/amir/Desktop/project/config/initializers/mime_types.rb": [
        null,
        null,
        null,
        null
      ],
      "/home/amir/Desktop/project/config/initializers/rails_admin.rb": [
        1,
        null,
        null,
        null,
        null,
        1,
        0,
        null,
        null,
        1,
        0,
        null,
        1,
        null,
        null,
        null,
        null,
        null,
        null,
        null,
        null,
        null,
        null,
        null,
        null,
        null,
        null,
        null,
        null,
        1,
        1,
        1,
        1,
        1,
        1,
        1,
        1,
        1,
        1,
        null,
        null,
        null,
        null,
        null,
        null
      ],
      "/home/amir/Desktop/project/config/initializers/wrap_parameters.rb": [
        null,
        null,
        null,
        null,
        null,
        null,
        1,
        2,
        null,
        null,
        null,
        null,
        null,
        null
      ],
      "/home/amir/Desktop/project/config/routes.rb": [
        1,
        1,
        null,
        1,
        1,
        1,
        1,
        null,
        1,
        1,
        1,
        null,
        null,
        1,
        1,
        null,
        null,
        null,
        1,
        1,
        null,
        null,
        1,
        1,
        1,
        null,
        1,
        1,
        null,
        null,
        null,
        null,
        1,
        1,
        null
      ],
      "/home/amir/Desktop/project/app/models/user.rb": [
        1,
        1,
        1,
        1,
        1,
        1,
        1,
        null,
        1,
        1,
        1,
        null,
        null,
        null,
        1,
        null,
        null,
        null,
        null,
        1,
        1,
        0,
        null,
        null
      ],
      "/home/amir/Desktop/project/app/models/application_record.rb": [
        1,
        1,
        null
      ],
      "/home/amir/Desktop/project/test/controllers/articles_controller_test.rb": [
        1,
        null,
        1,
        1,
        1,
        10,
        null,
        null,
        1,
        1,
        1,
        1,
        null,
        null,
        1,
        1,
        1,
        1,
        null,
        null,
        null,
        null,
        1,
        null,
        null,
        1,
        1,
        1,
        1,
        null,
        null,
        null,
        null,
        1,
        null,
        null,
        null,
        1,
        1,
        1,
        1,
        1,
        null,
        1,
        1,
        1,
        1,
        1,
        null,
        null,
        1,
        1,
        null,
        1,
        1,
        null,
        1,
        1,
        null,
        1,
        1,
        null,
        null,
        1,
        null,
        1,
        1,
        null,
        null,
        null
      ],
      "/home/amir/Desktop/project/test/controllers/comments_controller_test.rb": [
        1,
        null,
        1,
        1,
        null,
        1,
        1,
        null,
        null,
        1,
        1,
        1,
        1,
        null,
        null,
        null,
        null,
        1,
        null,
        null,
        null
      ],
      "/home/amir/Desktop/project/test/controllers/events_controller_test.rb": [
        1,
        null,
        1,
        1,
        null,
        1,
        12,
        null,
        null,
        1,
        1,
        1,
        null,
        null,
        1,
        1,
        1,
        1,
        null,
        null,
        1,
        1,
        1,
        1,
        null,
        null,
        1,
        1,
        1,
        1,
        null,
        null,
        1,
        1,
        1,
        1,
        null,
        null,
        1,
        1,
        1,
        1,
        null,
        null,
        1,
        1,
        1,
        1,
        null,
        null,
        null,
        null,
        null,
        1,
        null,
        null,
        null,
        1,
        1,
        1,
        1,
        null,
        null,
        null,
        null,
        null,
        1,
        null,
        null,
        null,
        1,
        1,
        1,
        1,
        null,
        1,
        null,
        null,
        1,
        1,
        1,
        1,
        null,
        1,
        null,
        null,
        1,
        1,
        1,
        null,
        null,
        null,
        null,
        1,
        null,
        null,
        1,
        1,
        1,
        null,
        null,
        null,
        null,
        1,
        null,
        null
      ],
      "/home/amir/Desktop/project/test/controllers/pages_controller_test.rb": [
        1,
        null,
        1,
        1,
        null,
        null,
        null,
        null
      ],
      "/home/amir/Desktop/project/test/controllers/participations_controller_test.rb": [
        1,
        null,
        1,
        1,
        null,
        null,
        null,
        null
      ],
      "/home/amir/Desktop/project/test/controllers/registrations_controller_test.rb": [
        1,
        null,
        1,
        1,
        null,
        null,
        null,
        null
      ],
      "/home/amir/Desktop/project/test/controllers/sessions_controller_test.rb": [
        1,
        null,
        1,
        1,
        null,
        null,
        null,
        null
      ],
      "/home/amir/Desktop/project/test/controllers/sucampusenv_controller_test.rb": [
        1,
        null,
        1,
        1,
        1,
        1,
        1,
        null,
        null,
        1,
        1,
        1,
        1,
        null,
        null,
        1,
        1,
        1,
        1,
        null,
        null,
        1,
        1,
        1,
        1,
        null,
        null,
        1,
        1,
        1,
        1,
        null,
        null,
        1,
        1,
        1,
        1,
        null,
        null,
        1,
        1,
        null,
        null,
        null
      ],
      "/home/amir/Desktop/project/test/controllers/users_controller_test.rb": [
        1,
        null,
        1,
        1,
        null,
        1,
        1,
        1,
        1,
        null,
        null,
        1,
        1,
        1,
        1,
        null,
        null,
        null,
        null
      ],
      "/home/amir/Desktop/project/test/mailers/user_mailer_test.rb": [
        1,
        null,
        1,
        1,
        1,
        1,
        1,
        1,
        1,
        null,
        null,
        null
      ],
      "/home/amir/Desktop/project/test/models/article_test.rb": [
        1,
        null,
        1,
        null,
        null,
        null,
        null
      ],
      "/home/amir/Desktop/project/test/models/comment_test.rb": [
        1,
        null,
        1,
        null,
        null,
        null,
        null
      ],
      "/home/amir/Desktop/project/test/models/event_test.rb": [
        1,
        null,
        1,
        null,
        null,
        null,
        null
      ],
      "/home/amir/Desktop/project/test/models/page_test.rb": [
        1,
        null,
        1,
        null,
        null,
        null,
        null
      ],
      "/home/amir/Desktop/project/test/models/participation_test.rb": [
        1,
        null,
        1,
        null,
        null,
        null,
        null
      ],
      "/home/amir/Desktop/project/test/models/user_test.rb": [
        1,
        null,
        1,
        null,
        null,
        null,
        null
      ],
      "/home/amir/Desktop/project/app/models/article.rb": [
        1,
        1,
        1,
        1,
        null,
        null
      ],
      "/home/amir/Desktop/project/app/models/event.rb": [
        1,
        1,
        1,
        1,
        null,
        1,
        1,
        null,
        1,
        6,
        null,
        null
      ],
      "/home/amir/Desktop/project/app/models/comment.rb": [
        1,
        1,
        1,
        1,
        null
      ],
      "/home/amir/Desktop/project/app/models/participation.rb": [
        1,
        1,
        1,
        null
      ],
      "/home/amir/Desktop/project/app/models/page.rb": [
        1,
        1,
        null
      ],
      "/home/amir/Desktop/project/app/controllers/comments_controller.rb": [
        1,
        1,
        1,
        1,
        null,
        null,
        1,
        null,
        null,
        null,
        1,
        1,
        1,
        1,
        1,
        null,
        null,
        null,
        null,
        1,
        0,
        0,
        null,
        null,
        1,
        null,
        null,
        null,
        1,
        0,
        0,
        null,
        0,
        null,
        null,
        null,
        1,
        null,
        1,
        1,
        null,
        null,
        1,
        0,
        null,
        null,
        1,
        0,
        0,
        null,
        null,
        null,
        1,
        1,
        null,
        null
      ],
      "/home/amir/Desktop/project/app/controllers/application_controller.rb": [
        1,
        1,
        null,
        1,
        null,
        1,
        31,
        null,
        null,
        1,
        31,
        null,
        null,
        1,
        31,
        null,
        null,
        1,
        0,
        0,
        0,
        0,
        null,
        0,
        null,
        null,
        null,
        1,
        0,
        null,
        null
      ],
      "/home/amir/Desktop/project/app/helpers/application_helper.rb": [
        1,
        null
      ],
      "/home/amir/Desktop/project/app/helpers/articles_helper.rb": [
        1,
        null
      ],
      "/home/amir/Desktop/project/app/helpers/comments_helper.rb": [
        1,
        null
      ],
      "/home/amir/Desktop/project/app/helpers/events_helper.rb": [
        1,
        null
      ],
      "/home/amir/Desktop/project/app/helpers/pages_helper.rb": [
        1,
        null
      ],
      "/home/amir/Desktop/project/app/helpers/participations_helper.rb": [
        1,
        null
      ],
      "/home/amir/Desktop/project/app/helpers/registrations_helper.rb": [
        1,
        null
      ],
      "/home/amir/Desktop/project/app/helpers/sessions_helper.rb": [
        1,
        null
      ],
      "/home/amir/Desktop/project/app/helpers/sucampusenv_helper.rb": [
        1,
        null
      ],
      "/home/amir/Desktop/project/app/helpers/users_helper.rb": [
        1,
        null
      ],
      "/home/amir/Desktop/project/app/controllers/events_controller.rb": [
        1,
        1,
        null,
        null,
        1,
        1,
        null,
        null,
        1,
        1,
        1,
        null,
        null,
        1,
        2,
        1,
        null,
        1,
        null,
        null,
        null,
        1,
        2,
        1,
        1,
        1,
        2,
        1,
        null,
        0,
        0,
        null,
        null,
        null,
        1,
        null,
        null,
        null,
        null,
        1,
        2,
        1,
        null,
        1,
        null,
        null,
        null,
        1,
        2,
        1,
        1,
        1,
        null,
        0,
        null,
        null,
        1,
        null,
        null,
        null,
        1,
        2,
        1,
        1,
        1,
        2,
        1,
        null,
        null,
        1,
        null,
        null,
        null,
        1,
        1,
        2,
        null,
        null,
        null,
        null
      ],
      "/home/amir/Desktop/project/app/mailers/user_mailer.rb": [
        1,
        1,
        null,
        null,
        null,
        null,
        null,
        1,
        1,
        null,
        1,
        null,
        null
      ],
      "/home/amir/Desktop/project/app/mailers/application_mailer.rb": [
        1,
        1,
        1,
        null
      ],
      "/home/amir/Desktop/project/app/controllers/articles_controller.rb": [
        1,
        1,
        null,
        1,
        null,
        null,
        1,
        3,
        2,
        1,
        null,
        1,
        null,
        null,
        1,
        null,
        null,
        null,
        1,
        1,
        null,
        null,
        1,
        2,
        2,
        2,
        2,
        4,
        2,
        null,
        0,
        0,
        null,
        null,
        null,
        null,
        1,
        null,
        2,
        1,
        1,
        1,
        1,
        null,
        1,
        1,
        1,
        1,
        1,
        null,
        null,
        null,
        2,
        null,
        null,
        null,
        1,
        1,
        null,
        2,
        null,
        null,
        null
      ],
      "/home/amir/Desktop/project/app/controllers/users_controller.rb": [
        1,
        null,
        1,
        1,
        null,
        null,
        null,
        1,
        2,
        1,
        1,
        1,
        1,
        null,
        1,
        1,
        null,
        null,
        null,
        1,
        2,
        0,
        null,
        null,
        null,
        1,
        0,
        null,
        null,
        1,
        0,
        0,
        0,
        0,
        0,
        0,
        null,
        0,
        null,
        null,
        1,
        0,
        null,
        0,
        0,
        0,
        0,
        0,
        null,
        0,
        0,
        null,
        null,
        null,
        null,
        null,
        null,
        1,
        0,
        0,
        0,
        0,
        null,
        0,
        0,
        null,
        null,
        null,
        null,
        null,
        null,
        1,
        0,
        0,
        0,
        0,
        null,
        null,
        null,
        1,
        0,
        0,
        0,
        0,
        null,
        null,
        null,
        null,
        1,
        null,
        1,
        null,
        2,
        2,
        1,
        null,
        null,
        null,
        null,
        null,
        null,
        null,
        1,
        0,
        null,
        null
      ],
      "/home/amir/Desktop/project/app/controllers/sucampusenv_controller.rb": [
        1,
        1,
        1,
        null,
        1,
        null,
        null,
        null,
        1,
        2,
        1,
        null,
        null,
        null,
        null,
        null,
        null,
        null,
        null,
        1,
        null,
        null,
        null,
        1,
        2,
        1,
        null,
        1,
        null,
        null,
        null,
        1,
        1,
        null,
        null,
        1,
        null,
        null,
        1,
        0,
        null,
        null,
        null,
        null,
        1,
        6,
        5,
        2,
        null,
        3,
        null,
        null,
        null,
        null,
        null
      ]
    },
    "timestamp": 1512043532
  }
}
